#
# A fatal error has been detected by the Java Runtime Environment:
#
#  Internal Error (generateOopMap.cpp:2164), pid=5265, tid=18691
#  fatal error: Illegal class file encountered. Try running with -Xverify:all in method readExcelandexecute
#
# JRE version: Java(TM) SE Runtime Environment (16.0.1+9) (build 16.0.1+9-24)
# Java VM: Java HotSpot(TM) 64-Bit Server VM (16.0.1+9-24, mixed mode, sharing, tiered, compressed oops, compressed class ptrs, g1 gc, bsd-amd64)
# No core dump will be written. Core dumps have been disabled. To enable core dumping, try "ulimit -c unlimited" before starting Java again
#
# If you would like to submit a bug report, please visit:
#   https://bugreport.java.com/bugreport/crash.jsp
#

---------------  S U M M A R Y ------------

Command Line: -XX:+ShowCodeDetailsInExceptionMessages -agentlib:jdwp=transport=dt_socket,suspend=y,address=localhost:54860 -ea -Dfile.encoding=UTF-8 org.testng.remote.RemoteTestNG -serport 54859 -protocol json -d /Users/smartpoint/Testing/Automation_testing/Appium/iosdemo/test-output /var/folders/6l/_nm1zfsd175fmknjcv623k6w0000gn/T/testng-eclipse--1623629947/testng-customsuite.xml

Host: iMac20,1 x86_64 3800 MHz, 16 cores, 8G, Darwin 20.3.0, macOS 10.16 (20D64)
Time: Sun Aug 29 01:55:20 2021 PDT elapsed time: 211.007634 seconds (0d 0h 3m 31s)

---------------  T H R E A D  ---------------

Current thread (0x00007fdf7ee17450):  VMThread "VM Thread" [stack: 0x0000700007cea000,0x0000700007dea000] [id=18691]

Stack: [0x0000700007cea000,0x0000700007dea000],  sp=0x0000700007de7d70,  free space=1015k
Native frames: (J=compiled Java code, A=aot compiled Java code, j=interpreted, Vv=VM code, C=native code)
V  [libjvm.dylib+0xa7b0a5]  VMError::report_and_die(int, char const*, char const*, __va_list_tag*, Thread*, unsigned char*, void*, void*, char const*, int, unsigned long)+0x695
V  [libjvm.dylib+0xa7b65b]  VMError::report_and_die(Thread*, void*, char const*, int, char const*, char const*, __va_list_tag*)+0x3b
V  [libjvm.dylib+0x34f893]  report_fatal(char const*, int, char const*, ...)+0xb3
V  [libjvm.dylib+0x48b18f]  GenerateOopMap::error_work(char const*, __va_list_tag*)+0xef
V  [libjvm.dylib+0x482d99]  GenerateOopMap::report_error(char const*, ...)+0x89
V  [libjvm.dylib+0x48946b]  GenerateOopMap::ppload(CellTypeState*, int)+0x4b
V  [libjvm.dylib+0x484c5f]  GenerateOopMap::interp_bb(BasicBlock*)+0xdf
V  [libjvm.dylib+0x484419]  GenerateOopMap::do_interpretation()+0x99
V  [libjvm.dylib+0x48af36]  GenerateOopMap::compute_map(Thread*)+0x1f6
V  [libjvm.dylib+0x88442a]  OopMapForCacheEntry::compute_map(Thread*)+0x5a
V  [libjvm.dylib+0x88524f]  OopMapCacheEntry::fill(methodHandle const&, int)+0xcf
V  [libjvm.dylib+0x88649b]  OopMapCache::compute_one_oop_map(methodHandle const&, int, InterpreterOopMap*)+0x6b
V  [libjvm.dylib+0x833416]  Method::mask_for(int, InterpreterOopMap*)+0x96
V  [libjvm.dylib+0xa6d44d]  interpretedVFrame::stack_data(bool) const+0x4d
V  [libjvm.dylib+0x6dab93]  VM_GetOrSetLocal::doit()+0x173
V  [libjvm.dylib+0xa80c16]  VM_Operation::evaluate()+0xd6
V  [libjvm.dylib+0xa85ed6]  VMThread::evaluate_operation(VM_Operation*)+0x136
V  [libjvm.dylib+0xa866a4]  VMThread::inner_execute(VM_Operation*)+0x194
V  [libjvm.dylib+0xa85b3c]  VMThread::run()+0xbc
V  [libjvm.dylib+0xa01d61]  Thread::call_run()+0x71
V  [libjvm.dylib+0x8909f7]  thread_native_entry(Thread*)+0x157
C  [libsystem_pthread.dylib+0x6950]  _pthread_start+0xe0
C  [libsystem_pthread.dylib+0x247b]  thread_start+0xf

VM_Operation (0x000070000880aaa8): get/set locals, mode: safepoint, requested by thread 0x00007fdf8080a400


---------------  P R O C E S S  ---------------

Threads class SMR info:
_java_thread_list=0x00007fdf803cfa80, length=18, elements={
0x00007fdf8100a600, 0x00007fdf7f80ae00, 0x00007fdf7f80d000, 0x00007fdf810b5000,
0x00007fdf81811400, 0x00007fdf81813000, 0x00007fdf81813600, 0x00007fdf81813c00,
0x00007fdf7f023600, 0x00007fdf8080a400, 0x00007fdf80811800, 0x00007fdf83820e00,
0x00007fdf80813e00, 0x00007fdf810b5600, 0x00007fdf7f8aa400, 0x00007fdf8191c000,
0x00007fdf84062400, 0x00007fdf88808200
}

Java Threads: ( => current thread )
  0x00007fdf8100a600 JavaThread "main" [_thread_blocked, id=6147, stack(0x00007000076d8000,0x00007000077d8000)]
  0x00007fdf7f80ae00 JavaThread "Reference Handler" daemon [_thread_blocked, id=15875, stack(0x0000700007ded000,0x0000700007eed000)]
  0x00007fdf7f80d000 JavaThread "Finalizer" daemon [_thread_blocked, id=16387, stack(0x0000700007ef0000,0x0000700007ff0000)]
  0x00007fdf810b5000 JavaThread "Signal Dispatcher" daemon [_thread_blocked, id=43267, stack(0x00007000080f9000,0x00007000081f9000)]
  0x00007fdf81811400 JavaThread "Service Thread" daemon [_thread_blocked, id=23043, stack(0x00007000081fc000,0x00007000082fc000)]
  0x00007fdf81813000 JavaThread "Monitor Deflation Thread" daemon [_thread_blocked, id=42499, stack(0x00007000082ff000,0x00007000083ff000)]
  0x00007fdf81813600 JavaThread "C2 CompilerThread0" daemon [_thread_blocked, id=23555, stack(0x0000700008402000,0x0000700008502000)]
  0x00007fdf81813c00 JavaThread "C1 CompilerThread0" daemon [_thread_blocked, id=41987, stack(0x0000700008505000,0x0000700008605000)]
  0x00007fdf7f023600 JavaThread "Sweeper thread" daemon [_thread_blocked, id=41475, stack(0x0000700008608000,0x0000700008708000)]
  0x00007fdf8080a400 JavaThread "JDWP Transport Listener: dt_socket" daemon [_thread_blocked, id=23815, stack(0x000070000870b000,0x000070000880b000)]
  0x00007fdf80811800 JavaThread "JDWP Event Helper Thread" daemon [_thread_blocked, id=24067, stack(0x000070000880e000,0x000070000890e000)]
  0x00007fdf83820e00 JavaThread "JDWP Command Reader" daemon [_thread_in_native, id=40707, stack(0x0000700008911000,0x0000700008a11000)]
  0x00007fdf80813e00 JavaThread "Notification Thread" daemon [_thread_blocked, id=24579, stack(0x0000700008a14000,0x0000700008b14000)]
  0x00007fdf810b5600 JavaThread "Common-Cleaner" daemon [_thread_blocked, id=39427, stack(0x0000700008c1a000,0x0000700008d1a000)]
  0x00007fdf7f8aa400 JavaThread "ReaderThread" [_thread_in_native, id=24835, stack(0x0000700008d1d000,0x0000700008e1d000)]
  0x00007fdf8191c000 JavaThread "ForkJoinPool.commonPool-worker-23" daemon [_thread_blocked, id=26883, stack(0x0000700009638000,0x0000700009738000)]
  0x00007fdf84062400 JavaThread "OkHttp ConnectionPool" daemon [_thread_blocked, id=36355, stack(0x000070000973b000,0x000070000983b000)]
  0x00007fdf88808200 JavaThread "Okio Watchdog" daemon [_thread_blocked, id=27395, stack(0x000070000983e000,0x000070000993e000)]

Other Threads:
=>0x00007fdf7ee17450 VMThread "VM Thread" [stack: 0x0000700007cea000,0x0000700007dea000] [id=18691]
  0x00007fdf7ec17850 WatcherThread [stack: 0x0000700008b17000,0x0000700008c17000] [id=39939]
  0x00007fdf80316020 GCTaskThread "GC Thread#0" [stack: 0x00007000077db000,0x00007000078db000] [id=20995]
  0x00007fdf8044ce70 GCTaskThread "GC Thread#1" [stack: 0x0000700008e20000,0x0000700008f20000] [id=25091]
  0x00007fdf8044d8a0 GCTaskThread "GC Thread#2" [stack: 0x0000700008f23000,0x0000700009023000] [id=25347]
  0x00007fdf8044e2d0 GCTaskThread "GC Thread#3" [stack: 0x0000700009026000,0x0000700009126000] [id=38147]
  0x00007fdf80064250 GCTaskThread "GC Thread#4" [stack: 0x0000700009129000,0x0000700009229000] [id=25603]
  0x00007fdf80065020 GCTaskThread "GC Thread#5" [stack: 0x000070000922c000,0x000070000932c000] [id=37635]
  0x00007fdf80065e40 GCTaskThread "GC Thread#6" [stack: 0x000070000932f000,0x000070000942f000] [id=37379]
  0x00007fdf84904e60 GCTaskThread "GC Thread#7" [stack: 0x0000700009a44000,0x0000700009b44000] [id=35587]
  0x00007fdf85d07200 GCTaskThread "GC Thread#8" [stack: 0x0000700009b47000,0x0000700009c47000] [id=28163]
  0x00007fdf85d07c30 GCTaskThread "GC Thread#9" [stack: 0x0000700009c4a000,0x0000700009d4a000] [id=35331]
  0x00007fdf85d08660 GCTaskThread "GC Thread#10" [stack: 0x0000700009d4d000,0x0000700009e4d000] [id=35075]
  0x00007fdf7ecb6d50 GCTaskThread "GC Thread#11" [stack: 0x0000700009e50000,0x0000700009f50000] [id=34819]
  0x00007fdf801434f0 GCTaskThread "GC Thread#12" [stack: 0x0000700009f53000,0x000070000a053000] [id=29187]
  0x00007fdf80316fa0 ConcurrentGCThread "G1 Main Marker" [stack: 0x00007000078de000,0x00007000079de000] [id=13571]
  0x00007fdf80404280 ConcurrentGCThread "G1 Conc#0" [stack: 0x00007000079e1000,0x0000700007ae1000] [id=14083]
  0x00007fdf804a6240 ConcurrentGCThread "G1 Conc#1" [stack: 0x000070000a056000,0x000070000a156000] [id=29699]
  0x00007fdf858056e0 ConcurrentGCThread "G1 Conc#2" [stack: 0x000070000a159000,0x000070000a259000] [id=34051]
  0x00007fdf80334fc0 ConcurrentGCThread "G1 Refine#0" [stack: 0x0000700007ae4000,0x0000700007be4000] [id=14339]
  0x00007fdf804050e0 ConcurrentGCThread "G1 Service" [stack: 0x0000700007be7000,0x0000700007ce7000] [id=14595]

Threads with active compile tasks:

VM state: at safepoint (normal execution)

VM Mutex/Monitor currently owned by a thread:  ([mutex/lock_event])
[0x00007fdf7ec07c00] Threads_lock - owner thread: 0x00007fdf7ee17450

Heap address: 0x0000000780000000, size: 2048 MB, Compressed Oops mode: Zero based, Oop shift amount: 3

CDS archive(s) mapped at: [0x0000000800000000-0x0000000800bbb000-0x0000000800bbb000), size 12300288, SharedBaseAddress: 0x0000000800000000, ArchiveRelocationMode: 0.
Compressed class space mapped at: 0x0000000800c00000-0x0000000840c00000, reserved size: 1073741824
Narrow klass base: 0x0000000800000000, Narrow klass shift: 3, Narrow klass range: 0x100000000

GC Precious Log:
 CPUs: 16 total, 16 available
 Memory: 8192M
 Large Page Support: Disabled
 NUMA Support: Disabled
 Compressed Oops: Enabled (Zero based)
 Heap Region Size: 1M
 Heap Min Capacity: 8M
 Heap Initial Capacity: 128M
 Heap Max Capacity: 2G
 Pre-touch: Disabled
 Parallel Workers: 13
 Concurrent Workers: 3
 Concurrent Refinement Workers: 13
 Periodic GC: Disabled

Heap:
 garbage-first heap   total 55296K, used 21514K [0x0000000780000000, 0x0000000800000000)
  region size 1024K, 15 young (15360K), 6 survivors (6144K)
 Metaspace       used 23078K, committed 23296K, reserved 1073152K
  class space    used 2744K, committed 2880K, reserved 1048576K

Heap Regions: E=young(eden), S=young(survivor), O=old, HS=humongous(starts), HC=humongous(continues), CS=collection set, F=free, OA=open archive, CA=closed archive, TAMS=top-at-mark-start (previous, next)
|   0|0x0000000780000000, 0x0000000780100000, 0x0000000780100000|100%|HS|  |TAMS 0x0000000780100000, 0x0000000780000000| Complete 
|   1|0x0000000780100000, 0x0000000780200000, 0x0000000780200000|100%| O|  |TAMS 0x0000000780200000, 0x0000000780100000| Untracked 
|   2|0x0000000780200000, 0x0000000780300000, 0x0000000780300000|100%| O|  |TAMS 0x0000000780300000, 0x0000000780200000| Untracked 
|   3|0x0000000780300000, 0x0000000780400000, 0x0000000780400000|100%| O|  |TAMS 0x0000000780400000, 0x0000000780300000| Untracked 
|   4|0x0000000780400000, 0x0000000780500000, 0x0000000780500000|100%| O|  |TAMS 0x0000000780500000, 0x0000000780400000| Untracked 
|   5|0x0000000780500000, 0x0000000780600000, 0x0000000780600000|100%| O|  |TAMS 0x0000000780600000, 0x0000000780500000| Untracked 
|   6|0x0000000780600000, 0x00000007806cc800, 0x0000000780700000| 79%| O|  |TAMS 0x00000007806cc800, 0x0000000780600000| Untracked 
|   7|0x0000000780700000, 0x0000000780700000, 0x0000000780800000|  0%| F|  |TAMS 0x0000000780700000, 0x0000000780700000| Untracked 
|   8|0x0000000780800000, 0x0000000780800000, 0x0000000780900000|  0%| F|  |TAMS 0x0000000780800000, 0x0000000780800000| Untracked 
|   9|0x0000000780900000, 0x0000000780900000, 0x0000000780a00000|  0%| F|  |TAMS 0x0000000780900000, 0x0000000780900000| Untracked 
|  10|0x0000000780a00000, 0x0000000780a00000, 0x0000000780b00000|  0%| F|  |TAMS 0x0000000780a00000, 0x0000000780a00000| Untracked 
|  11|0x0000000780b00000, 0x0000000780b00000, 0x0000000780c00000|  0%| F|  |TAMS 0x0000000780b00000, 0x0000000780b00000| Untracked 
|  12|0x0000000780c00000, 0x0000000780c00000, 0x0000000780d00000|  0%| F|  |TAMS 0x0000000780c00000, 0x0000000780c00000| Untracked 
|  13|0x0000000780d00000, 0x0000000780d00000, 0x0000000780e00000|  0%| F|  |TAMS 0x0000000780d00000, 0x0000000780d00000| Untracked 
|  14|0x0000000780e00000, 0x0000000780e00000, 0x0000000780f00000|  0%| F|  |TAMS 0x0000000780e00000, 0x0000000780e00000| Untracked 
|  15|0x0000000780f00000, 0x0000000780f00000, 0x0000000781000000|  0%| F|  |TAMS 0x0000000780f00000, 0x0000000780f00000| Untracked 
|  16|0x0000000781000000, 0x0000000781000000, 0x0000000781100000|  0%| F|  |TAMS 0x0000000781000000, 0x0000000781000000| Untracked 
|  17|0x0000000781100000, 0x0000000781100000, 0x0000000781200000|  0%| F|  |TAMS 0x0000000781100000, 0x0000000781100000| Untracked 
|  18|0x0000000781200000, 0x0000000781200000, 0x0000000781300000|  0%| F|  |TAMS 0x0000000781200000, 0x0000000781200000| Untracked 
|  19|0x0000000781300000, 0x0000000781300000, 0x0000000781400000|  0%| F|  |TAMS 0x0000000781300000, 0x0000000781300000| Untracked 
|  20|0x0000000781400000, 0x0000000781400000, 0x0000000781500000|  0%| F|  |TAMS 0x0000000781400000, 0x0000000781400000| Untracked 
|  21|0x0000000781500000, 0x0000000781500000, 0x0000000781600000|  0%| F|  |TAMS 0x0000000781500000, 0x0000000781500000| Untracked 
|  22|0x0000000781600000, 0x0000000781600000, 0x0000000781700000|  0%| F|  |TAMS 0x0000000781600000, 0x0000000781600000| Untracked 
|  23|0x0000000781700000, 0x0000000781700000, 0x0000000781800000|  0%| F|  |TAMS 0x0000000781700000, 0x0000000781700000| Untracked 
|  24|0x0000000781800000, 0x0000000781800000, 0x0000000781900000|  0%| F|  |TAMS 0x0000000781800000, 0x0000000781800000| Untracked 
|  25|0x0000000781900000, 0x0000000781900000, 0x0000000781a00000|  0%| F|  |TAMS 0x0000000781900000, 0x0000000781900000| Untracked 
|  26|0x0000000781a00000, 0x0000000781a00000, 0x0000000781b00000|  0%| F|  |TAMS 0x0000000781a00000, 0x0000000781a00000| Untracked 
|  27|0x0000000781b00000, 0x0000000781b00000, 0x0000000781c00000|  0%| F|  |TAMS 0x0000000781b00000, 0x0000000781b00000| Untracked 
|  28|0x0000000781c00000, 0x0000000781c00000, 0x0000000781d00000|  0%| F|  |TAMS 0x0000000781c00000, 0x0000000781c00000| Untracked 
|  29|0x0000000781d00000, 0x0000000781d00000, 0x0000000781e00000|  0%| F|  |TAMS 0x0000000781d00000, 0x0000000781d00000| Untracked 
|  30|0x0000000781e00000, 0x0000000781e00000, 0x0000000781f00000|  0%| F|  |TAMS 0x0000000781e00000, 0x0000000781e00000| Untracked 
|  31|0x0000000781f00000, 0x0000000781f00000, 0x0000000782000000|  0%| F|  |TAMS 0x0000000781f00000, 0x0000000781f00000| Untracked 
|  32|0x0000000782000000, 0x0000000782000000, 0x0000000782100000|  0%| F|  |TAMS 0x0000000782000000, 0x0000000782000000| Untracked 
|  33|0x0000000782100000, 0x0000000782100000, 0x0000000782200000|  0%| F|  |TAMS 0x0000000782100000, 0x0000000782100000| Untracked 
|  34|0x0000000782200000, 0x0000000782200000, 0x0000000782300000|  0%| F|  |TAMS 0x0000000782200000, 0x0000000782200000| Untracked 
|  35|0x0000000782300000, 0x0000000782300000, 0x0000000782400000|  0%| F|  |TAMS 0x0000000782300000, 0x0000000782300000| Untracked 
|  36|0x0000000782400000, 0x0000000782400000, 0x0000000782500000|  0%| F|  |TAMS 0x0000000782400000, 0x0000000782400000| Untracked 
|  37|0x0000000782500000, 0x0000000782500800, 0x0000000782600000|  0%| E|  |TAMS 0x0000000782500000, 0x0000000782500000| Complete 
|  38|0x0000000782600000, 0x0000000782700000, 0x0000000782700000|100%| E|CS|TAMS 0x0000000782600000, 0x0000000782600000| Complete 
|  39|0x0000000782700000, 0x0000000782800000, 0x0000000782800000|100%| E|CS|TAMS 0x0000000782700000, 0x0000000782700000| Complete 
|  40|0x0000000782800000, 0x0000000782900000, 0x0000000782900000|100%| E|CS|TAMS 0x0000000782800000, 0x0000000782800000| Complete 
|  41|0x0000000782900000, 0x0000000782a00000, 0x0000000782a00000|100%| E|CS|TAMS 0x0000000782900000, 0x0000000782900000| Complete 
|  42|0x0000000782a00000, 0x0000000782b00000, 0x0000000782b00000|100%| E|CS|TAMS 0x0000000782a00000, 0x0000000782a00000| Complete 
|  43|0x0000000782b00000, 0x0000000782c00000, 0x0000000782c00000|100%| E|CS|TAMS 0x0000000782b00000, 0x0000000782b00000| Complete 
|  44|0x0000000782c00000, 0x0000000782d00000, 0x0000000782d00000|100%| E|CS|TAMS 0x0000000782c00000, 0x0000000782c00000| Complete 
| 108|0x0000000786c00000, 0x0000000786c440d0, 0x0000000786d00000| 26%| S|CS|TAMS 0x0000000786c00000, 0x0000000786c00000| Complete 
| 109|0x0000000786d00000, 0x0000000786e00000, 0x0000000786e00000|100%| S|CS|TAMS 0x0000000786d00000, 0x0000000786d00000| Complete 
| 110|0x0000000786e00000, 0x0000000786f00000, 0x0000000786f00000|100%| S|CS|TAMS 0x0000000786e00000, 0x0000000786e00000| Complete 
| 111|0x0000000786f00000, 0x0000000787000000, 0x0000000787000000|100%| S|CS|TAMS 0x0000000786f00000, 0x0000000786f00000| Complete 
| 112|0x0000000787000000, 0x0000000787100000, 0x0000000787100000|100%| S|CS|TAMS 0x0000000787000000, 0x0000000787000000| Complete 
| 113|0x0000000787100000, 0x0000000787200000, 0x0000000787200000|100%| S|CS|TAMS 0x0000000787100000, 0x0000000787100000| Complete 
| 127|0x0000000787f00000, 0x0000000788000000, 0x0000000788000000|100%| E|CS|TAMS 0x0000000787f00000, 0x0000000787f00000| Complete 
|1022|0x00000007bfe00000, 0x00000007bfe75000, 0x00000007bff00000| 45%|OA|  |TAMS 0x00000007bfe75000, 0x00000007bfe00000| Untracked 
|1023|0x00000007bff00000, 0x00000007bff7d000, 0x00000007c0000000| 48%|CA|  |TAMS 0x00000007bff7d000, 0x00000007bff00000| Untracked 

Card table byte_map: [0x00000001038b8000,0x0000000103cb8000] _byte_map_base: 0x00000000ffcb8000

Marking Bits (Prev, Next): (CMBitMap*) 0x00007fdf8102c450, (CMBitMap*) 0x00007fdf8102c410
 Prev Bits: [0x0000000124e38000, 0x0000000126e38000)
 Next Bits: [0x0000000122e38000, 0x0000000124e38000)

Polling page: 0x0000000103220000

Metaspace:

Usage:
  Non-class:     19.86 MB used.
      Class:      2.68 MB used.
       Both:     22.54 MB used.

Virtual space:
  Non-class space:       24.00 MB reserved,      19.94 MB ( 83%) committed,  3 nodes.
      Class space:        1.00 GB reserved,       2.81 MB ( <1%) committed,  1 nodes.
              Both:        1.02 GB reserved,      22.75 MB (  2%) committed. 

Chunk freelists:
   Non-Class:  3.39 MB
       Class:  1.16 MB
        Both:  4.55 MB

MaxMetaspaceSize: 17179869184.00 GB
CompressedClassSpaceSize: 1.00 GB
 - commit_granule_bytes: 65536.
 - commit_granule_words: 8192.
 - virtual_space_node_default_size: 1048576.
 - enlarge_chunks_in_place: 1.
 - new_chunks_are_fully_committed: 0.
 - uncommit_free_chunks: 1.
 - use_allocation_guard: 0.
 - handle_deallocations: 1.


Internal statistics:

num_allocs_failed_limit: 3.
num_arena_births: 176.
num_arena_deaths: 0.
num_vsnodes_births: 4.
num_vsnodes_deaths: 0.
num_space_committed: 364.
num_space_uncommitted: 0.
num_chunks_returned_to_freelist: 3.
num_chunks_taken_from_freelist: 818.
num_chunk_merges: 3.
num_chunk_splits: 570.
num_chunks_enlarged: 436.
num_purges: 0.

CodeHeap 'non-profiled nmethods': size=119168Kb used=967Kb max_used=967Kb free=118200Kb
 bounds [0x000000011b9d8000, 0x000000011bc48000, 0x0000000122e38000]
CodeHeap 'profiled nmethods': size=119164Kb used=5502Kb max_used=5502Kb free=113662Kb
 bounds [0x0000000114579000, 0x0000000114ad9000, 0x000000011b9d8000]
CodeHeap 'non-nmethods': size=7428Kb used=1321Kb max_used=1910Kb free=6106Kb
 bounds [0x0000000113e38000, 0x00000001140a8000, 0x0000000114579000]
 total_blobs=3123 nmethods=2543 adapters=493
 compilation: enabled
              stopped_count=0, restarted_count=0
 full_count=0

Compilation events (20 events):
Event: 8.893 Thread 0x00007fdf81813600 2412       4       jdk.internal.jimage.ImageStringsReader::charsFromByteBufferLength (47 bytes)
Event: 8.895 Thread 0x00007fdf8117bc00 2563       3       java.util.jar.JavaUtilJarAccessImpl::getTrustedAttributes (6 bytes)
Event: 8.895 Thread 0x00007fdf8117bc00 nmethod 2563 0x0000000114ad8410 code [0x0000000114ad85c0, 0x0000000114ad8720]
Event: 8.899 Thread 0x00007fdf81813600 nmethod 2412 0x000000011bac7010 code [0x000000011bac71a0, 0x000000011bac7618]
Event: 8.899 Thread 0x00007fdf81813600 2439       4       jdk.internal.reflect.ClassFileAssembler::emitByte (11 bytes)
Event: 8.901 Thread 0x00007fdf81813600 nmethod 2439 0x000000011bac7890 code [0x000000011bac7a40, 0x000000011bac7c48]
Event: 8.901 Thread 0x00007fdf81813600 2467       4       org.apache.xmlbeans.impl.store.Xobj::isValid (25 bytes)
Event: 8.901 Thread 0x00007fdf81813600 nmethod 2467 0x000000011bac7e10 code [0x000000011bac7fa0, 0x000000011bac8058]
Event: 8.901 Thread 0x00007fdf81813600 2503       4       javax.xml.namespace.QName::hashCode (16 bytes)
Event: 8.911 Thread 0x00007fdf81813600 nmethod 2503 0x000000011bac8110 code [0x000000011bac82a0, 0x000000011bac8898]
Event: 8.911 Thread 0x00007fdf81813600 2506       4       org.apache.xmlbeans.impl.schema.SchemaParticleImpl::getParticleChild (7 bytes)
Event: 8.912 Thread 0x00007fdf81813600 nmethod 2506 0x000000011bac8b10 code [0x000000011bac8ca0, 0x000000011bac8d98]
Event: 8.912 Thread 0x00007fdf81813600 2554       4       java.util.regex.Matcher::groupCount (10 bytes)
Event: 8.912 Thread 0x00007fdf81813600 nmethod 2554 0x000000011bac8e90 code [0x000000011bac9020, 0x000000011bac90d8]
Event: 8.912 Thread 0x00007fdf81813600 2505       4       java.util.HashMap::keySet (25 bytes)
Event: 8.914 Thread 0x00007fdf81813600 nmethod 2505 0x000000011bac9190 code [0x000000011bac9320, 0x000000011bac94d8]
Event: 8.914 Thread 0x00007fdf81813600 2507       4       java.util.HashMap$KeySet::iterator (12 bytes)
Event: 8.918 Thread 0x00007fdf81813600 nmethod 2507 0x000000011bac9590 code [0x000000011bac9720, 0x000000011bac9a98]
Event: 8.918 Thread 0x00007fdf81813600 2521       4       jdk.internal.reflect.ByteVectorImpl::getLength (7 bytes)
Event: 8.918 Thread 0x00007fdf81813600 nmethod 2521 0x000000011bac9c90 code [0x000000011bac9e00, 0x000000011bac9e78]

GC Heap History (6 events):
Event: 0.693 GC heap before
{Heap before GC invocations=0 (full 0):
 garbage-first heap   total 133120K, used 24520K [0x0000000780000000, 0x0000000800000000)
  region size 1024K, 23 young (23552K), 0 survivors (0K)
 Metaspace       used 7591K, committed 7808K, reserved 1056768K
  class space    used 841K, committed 960K, reserved 1048576K
}
Event: 0.699 GC heap after
{Heap after GC invocations=1 (full 0):
 garbage-first heap   total 133120K, used 7969K [0x0000000780000000, 0x0000000800000000)
  region size 1024K, 3 young (3072K), 3 survivors (3072K)
 Metaspace       used 7591K, committed 7808K, reserved 1056768K
  class space    used 841K, committed 960K, reserved 1048576K
}
Event: 8.308 GC heap before
{Heap before GC invocations=1 (full 0):
 garbage-first heap   total 133120K, used 42785K [0x0000000780000000, 0x0000000800000000)
  region size 1024K, 37 young (37888K), 3 survivors (3072K)
 Metaspace       used 17540K, committed 17792K, reserved 1064960K
  class space    used 2080K, committed 2240K, reserved 1048576K
}
Event: 8.328 GC heap after
{Heap after GC invocations=2 (full 0):
 garbage-first heap   total 133120K, used 11653K [0x0000000780000000, 0x0000000800000000)
  region size 1024K, 4 young (4096K), 4 survivors (4096K)
 Metaspace       used 17540K, committed 17792K, reserved 1064960K
  class space    used 2080K, committed 2240K, reserved 1048576K
}
Event: 8.641 GC heap before
{Heap before GC invocations=2 (full 0):
 garbage-first heap   total 133120K, used 24965K [0x0000000780000000, 0x0000000800000000)
  region size 1024K, 18 young (18432K), 4 survivors (4096K)
 Metaspace       used 21045K, committed 21248K, reserved 1073152K
  class space    used 2460K, committed 2560K, reserved 1048576K
}
Event: 8.646 GC heap after
{Heap after GC invocations=3 (full 0):
 garbage-first heap   total 133120K, used 13322K [0x0000000780000000, 0x0000000800000000)
  region size 1024K, 6 young (6144K), 6 survivors (6144K)
 Metaspace       used 21045K, committed 21248K, reserved 1073152K
  class space    used 2460K, committed 2560K, reserved 1048576K
}

Deoptimization events (20 events):
Event: 8.809 Thread 0x00007fdf8100a600 DEOPT PACKING pc=0x0000000114692474 sp=0x00007000077d5bd0
Event: 8.809 Thread 0x00007fdf8100a600 DEOPT UNPACKING pc=0x0000000113e85bba sp=0x00007000077d50c0 mode 1
Event: 8.846 Thread 0x00007fdf8100a600 Uncommon trap: trap_request=0xffffff45 fr.pc=0x000000011ba6de00 relative=0x00000000000007a0
Event: 8.846 Thread 0x00007fdf8100a600 Uncommon trap: reason=unstable_if action=reinterpret pc=0x000000011ba6de00 method=java.lang.String.regionMatches(ZILjava/lang/String;II)Z @ 21 c2
Event: 8.847 Thread 0x00007fdf8100a600 DEOPT PACKING pc=0x000000011ba6de00 sp=0x00007000077d5f00
Event: 8.847 Thread 0x00007fdf8100a600 DEOPT UNPACKING pc=0x0000000113e85424 sp=0x00007000077d5f18 mode 2
Event: 8.856 Thread 0x00007fdf8100a600 DEOPT PACKING pc=0x0000000114a37bf9 sp=0x00007000077d5960
Event: 8.856 Thread 0x00007fdf8100a600 DEOPT UNPACKING pc=0x0000000113e85bba sp=0x00007000077d4ea0 mode 0
Event: 8.859 Thread 0x00007fdf8100a600 Uncommon trap: trap_request=0xffffff45 fr.pc=0x000000011babbbe8 relative=0x00000000000001c8
Event: 8.859 Thread 0x00007fdf8100a600 Uncommon trap: reason=unstable_if action=reinterpret pc=0x000000011babbbe8 method=org.apache.xmlbeans.impl.store.Cur.isNormal()Z @ 60 c2
Event: 8.859 Thread 0x00007fdf8100a600 DEOPT PACKING pc=0x000000011babbbe8 sp=0x00007000077d5b70
Event: 8.859 Thread 0x00007fdf8100a600 DEOPT UNPACKING pc=0x0000000113e85424 sp=0x00007000077d5b30 mode 2
Event: 8.878 Thread 0x00007fdf8100a600 DEOPT PACKING pc=0x00000001146b4214 sp=0x00007000077d5670
Event: 8.878 Thread 0x00007fdf8100a600 DEOPT UNPACKING pc=0x0000000113e85bba sp=0x00007000077d4b28 mode 1
Event: 8.878 Thread 0x00007fdf8100a600 DEOPT PACKING pc=0x00000001146b36dc sp=0x00007000077d5740
Event: 8.878 Thread 0x00007fdf8100a600 DEOPT UNPACKING pc=0x0000000113e85bba sp=0x00007000077d4c18 mode 1
Event: 8.881 Thread 0x00007fdf8100a600 DEOPT PACKING pc=0x0000000114a85100 sp=0x00007000077d5b70
Event: 8.881 Thread 0x00007fdf8100a600 DEOPT UNPACKING pc=0x0000000113e85bba sp=0x00007000077d5020 mode 1
Event: 8.881 Thread 0x00007fdf8100a600 DEOPT PACKING pc=0x0000000114692474 sp=0x00007000077d5bd0
Event: 8.881 Thread 0x00007fdf8100a600 DEOPT UNPACKING pc=0x0000000113e85bba sp=0x00007000077d50c0 mode 1

Classes unloaded (0 events):
No events

Classes redefined (2 events):
Event: 94.877 Thread 0x00007fdf7ee17450 redefined class name=iosdemo.KeywordDriven, count=1
Event: 210.992 Thread 0x00007fdf7ee17450 redefined class name=iosdemo.KeywordDriven, count=2

Internal exceptions (20 events):
Event: 0.837 Thread 0x00007fdf8100a600 Exception <a 'java/lang/ClassNotFoundException'{0x0000000787994f48}: com/aventstack/extentreports/model/service/TestServiceCustomizer> (0x0000000787994f48) 
thrown [./open/src/hotspot/share/classfile/systemDictionary.cpp, line 256]
Event: 0.851 Thread 0x00007fdf8100a600 Exception <a 'java/lang/NoSuchMethodError'{0x000000078783ce30}: 'void java.lang.invoke.DirectMethodHandle$Holder.invokeInterface(java.lang.Object, java.lang.Object)'> (0x000000078783ce30) 
thrown [./open/src/hotspot/share/interpreter/linkResolver.cpp, line 790]
Event: 1.029 Thread 0x00007fdf8100a600 Exception <a 'java/lang/NoSuchMethodError'{0x0000000787072a70}: 'int java.lang.invoke.DirectMethodHandle$Holder.invokeStaticInit(java.lang.Object, java.lang.Object, java.lang.Object, java.lang.Object)'> (0x0000000787072a70) 
thrown [./open/src/hotspot/share/interpreter/linkResolver.cpp, line 790]
Event: 1.030 Thread 0x00007fdf8100a600 Exception <a 'java/lang/NoSuchMethodError'{0x000000078707ed68}: 'void java.lang.invoke.DirectMethodHandle$Holder.invokeStaticInit(java.lang.Object, java.lang.Object)'> (0x000000078707ed68) 
thrown [./open/src/hotspot/share/interpreter/linkResolver.cpp, line 790]
Event: 1.104 Thread 0x00007fdf8100a600 Exception <a 'java/lang/NoSuchMethodError'{0x0000000786c7e1a0}: 'java.lang.Object java.lang.invoke.DirectMethodHandle$Holder.invokeInterface(java.lang.Object, java.lang.Object, java.lang.Object)'> (0x0000000786c7e1a0) 
thrown [./open/src/hotspot/share/interpreter/linkResolver.cpp, line 790]
Event: 1.104 Thread 0x00007fdf8100a600 Exception <a 'java/lang/IncompatibleClassChangeError'{0x0000000786c82340}: Found class java.lang.Object, but interface was expected> (0x0000000786c82340) 
thrown [./open/src/hotspot/share/interpreter/linkResolver.cpp, line 857]
Event: 1.105 Thread 0x00007fdf8100a600 Exception <a 'java/lang/NoSuchMethodError'{0x0000000786c8ac98}: 'int java.lang.invoke.DirectMethodHandle$Holder.invokeSpecialIFC(java.lang.Object, java.lang.Object, java.lang.Object, java.lang.Object)'> (0x0000000786c8ac98) 
thrown [./open/src/hotspot/share/interpreter/linkResolver.cpp, line 790]
Event: 1.112 Thread 0x00007fdf8100a600 Exception <a 'java/lang/NoSuchMethodError'{0x0000000786cec730}: 'double java.lang.invoke.DirectMethodHandle$Holder.invokeVirtual(java.lang.Object, java.lang.Object)'> (0x0000000786cec730) 
thrown [./open/src/hotspot/share/interpreter/linkResolver.cpp, line 790]
Event: 1.113 Thread 0x00007fdf8100a600 Exception <a 'java/lang/NoSuchMethodError'{0x0000000786cf3118}: 'float java.lang.invoke.DirectMethodHandle$Holder.invokeVirtual(java.lang.Object, java.lang.Object)'> (0x0000000786cf3118) 
thrown [./open/src/hotspot/share/interpreter/linkResolver.cpp, line 790]
Event: 1.114 Thread 0x00007fdf8100a600 Exception <a 'java/lang/NoSuchMethodError'{0x0000000786cfc730}: 'long java.lang.invoke.DirectMethodHandle$Holder.invokeVirtual(java.lang.Object, java.lang.Object)'> (0x0000000786cfc730) 
thrown [./open/src/hotspot/share/interpreter/linkResolver.cpp, line 790]
Event: 1.117 Thread 0x00007fdf8100a600 Exception <a 'java/lang/NoSuchMethodError'{0x0000000786b28f60}: 'java.lang.Object java.lang.invoke.DirectMethodHandle$Holder.invokeVirtual(java.lang.Object, java.lang.Object, java.lang.Object)'> (0x0000000786b28f60) 
thrown [./open/src/hotspot/share/interpreter/linkResolver.cpp, line 790]
Event: 1.141 Thread 0x00007fdf8100a600 Exception <a 'java/lang/NoSuchMethodError'{0x0000000786a666a8}: 'void java.lang.invoke.DirectMethodHandle$Holder.invokeSpecial(java.lang.Object, java.lang.Object, java.lang.Object, java.lang.Object, java.lang.Object)'> (0x0000000786a666a8) 
thrown [./open/src/hotspot/share/interpreter/linkResolver.cpp, line 790]
Event: 1.155 Thread 0x00007fdf8100a600 Exception <a 'java/lang/NoSuchMethodError'{0x000000078691bc20}: 'java.lang.Object java.lang.invoke.DirectMethodHandle$Holder.newInvokeSpecial(java.lang.Object, java.lang.Object, java.lang.Object, java.lang.Object, java.lang.Object)'> (0x000000078691bc20) 
thrown [./open/src/hotspot/share/interpreter/linkResolver.cpp, line 790]
Event: 1.191 Thread 0x00007fdf8100a600 Exception <a 'java/lang/NoSuchMethodError'{0x00000007864085b8}: 'void java.lang.invoke.DirectMethodHandle$Holder.invokeInterface(java.lang.Object, java.lang.Object, java.lang.Object)'> (0x00000007864085b8) 
thrown [./open/src/hotspot/share/interpreter/linkResolver.cpp, line 790]
Event: 1.191 Thread 0x00007fdf8080fc00 Exception <a 'java/lang/NoSuchMethodError'{0x00000007864caab0}: 'void java.lang.invoke.DirectMethodHandle$Holder.invokeInterface(java.lang.Object, java.lang.Object, java.lang.Object)'> (0x00000007864caab0) 
thrown [./open/src/hotspot/share/interpreter/linkResolver.cpp, line 790]
Event: 8.213 Thread 0x00007fdf8100a600 Exception <a 'java/lang/NoSuchMethodError'{0x0000000785e0e448}: 'java.lang.Object java.lang.invoke.DirectMethodHandle$Holder.invokeSpecialIFC(java.lang.Object, java.lang.Object, java.lang.Object)'> (0x0000000785e0e448) 
thrown [./open/src/hotspot/share/interpreter/linkResolver.cpp, line 790]
Event: 8.228 Thread 0x00007fdf8100a600 Exception <a 'java/lang/NoSuchMethodError'{0x0000000785e8a320}: 'java.lang.Object java.lang.invoke.DirectMethodHandle$Holder.invokeStatic(java.lang.Object, int, java.lang.Object)'> (0x0000000785e8a320) 
thrown [./open/src/hotspot/share/interpreter/linkResolver.cpp, line 790]
Event: 8.237 Thread 0x00007fdf8100a600 Exception <a 'java/lang/ClassNotFoundException'{0x0000000785eb9f90}: sun/util/logging/resources/spi/loggingProvider> (0x0000000785eb9f90) 
thrown [./open/src/hotspot/share/classfile/systemDictionary.cpp, line 256]
Event: 8.391 Thread 0x00007fdf8100a600 Exception <a 'java/lang/NoSuchMethodError'{0x0000000787d5b910}: 'java.lang.Object java.lang.invoke.DirectMethodHandle$Holder.invokeStaticInit(java.lang.Object, java.lang.Object, java.lang.Object)'> (0x0000000787d5b910) 
thrown [./open/src/hotspot/share/interpreter/linkResolver.cpp, line 790]
Event: 8.518 Thread 0x00007fdf8100a600 Implicit null exception at 0x000000011ba5e658 to 0x000000011ba5e6ee

Events (20 events):
Event: 94.988 Executing  VM operation: get/set locals done
Event: 94.988 Executing  VM operation: get/set locals
Event: 94.988 Executing  VM operation: get/set locals done
Event: 94.988 Executing  VM operation: get/set locals
Event: 94.988 Executing  VM operation: get/set locals done
Event: 94.989 Executing  VM operation: get/set locals
Event: 94.989 Executing  VM operation: get/set locals done
Event: 121.205 Protecting memory [0x0000700009432000,0x0000700009436000] with protection modes 3
Event: 121.205 Thread 0x00007fdf80b59200 Thread exited: 0x00007fdf80b59200
Event: 210.984 Executing  VM operation: ChangeSingleStep
Event: 210.984 Executing  VM operation: ChangeSingleStep done
Event: 210.984 Executing  VM operation: ChangeSingleStep
Event: 210.984 Executing  VM operation: ChangeSingleStep done
Event: 210.989 Executing  VM operation: RedefineClasses
Event: 210.999 Executing  VM operation: RedefineClasses done
Event: 211.003 Executing  VM operation: ChangeBreakpoints
Event: 211.004 Executing  VM operation: ChangeBreakpoints done
Event: 211.006 Executing  VM operation: ChangeSingleStep
Event: 211.006 Executing  VM operation: ChangeSingleStep done
Event: 211.006 Executing  VM operation: get/set locals


Dynamic libraries:
0x00007fff2a494000 	/usr/lib/libz.1.dylib
0x000000010216d000 	/Library/Java/JavaVirtualMachines/jdk-16.0.1.jdk/Contents/Home/lib/libjli.dylib
0x00007fff34fe6000 	/System/Library/Frameworks/Cocoa.framework/Versions/A/Cocoa
0x00007fff2220b000 	/System/Library/Frameworks/Security.framework/Versions/A/Security
0x00007fff331e3000 	/System/Library/Frameworks/ApplicationServices.framework/Versions/A/ApplicationServices
0x00007fff2a55c000 	/usr/lib/libSystem.B.dylib
0x00007fff2a556000 	/usr/lib/system/libcache.dylib
0x00007fff2a512000 	/usr/lib/system/libcommonCrypto.dylib
0x00007fff2a53c000 	/usr/lib/system/libcompiler_rt.dylib
0x00007fff2a531000 	/usr/lib/system/libcopyfile.dylib
0x00007fff200df000 	/usr/lib/system/libcorecrypto.dylib
0x00007fff201ac000 	/usr/lib/system/libdispatch.dylib
0x00007fff20360000 	/usr/lib/system/libdyld.dylib
0x00007fff2a54d000 	/usr/lib/system/libkeymgr.dylib
0x00007fff2d995000 	/usr/lib/system/liblaunch.dylib
0x00007fff2a4f0000 	/usr/lib/system/libmacho.dylib
0x00007fff29d0a000 	/usr/lib/system/libquarantine.dylib
0x00007fff2a54a000 	/usr/lib/system/libremovefile.dylib
0x00007fff24ba2000 	/usr/lib/system/libsystem_asl.dylib
0x00007fff2008f000 	/usr/lib/system/libsystem_blocks.dylib
0x00007fff2022d000 	/usr/lib/system/libsystem_c.dylib
0x00007fff2a544000 	/usr/lib/system/libsystem_collections.dylib
0x00007fff28ffe000 	/usr/lib/system/libsystem_configuration.dylib
0x00007fff282f1000 	/usr/lib/system/libsystem_containermanager.dylib
0x00007fff2a28c000 	/usr/lib/system/libsystem_coreservices.dylib
0x00007fff227bf000 	/usr/lib/system/libsystem_darwin.dylib
0x00007fff2a54e000 	/usr/lib/system/libsystem_dnssd.dylib
0x00007fff2022a000 	/usr/lib/system/libsystem_featureflags.dylib
0x00007fff203a5000 	/usr/lib/system/libsystem_info.dylib
0x00007fff2a4a7000 	/usr/lib/system/libsystem_m.dylib
0x00007fff2017f000 	/usr/lib/system/libsystem_malloc.dylib
0x00007fff24b36000 	/usr/lib/system/libsystem_networkextension.dylib
0x00007fff22bda000 	/usr/lib/system/libsystem_notify.dylib
0x00007fff2fe49000 	/usr/lib/system/libsystem_product_info_filter.dylib
0x00007fff29002000 	/usr/lib/system/libsystem_sandbox.dylib
0x00007fff2a547000 	/usr/lib/system/libsystem_secinit.dylib
0x00007fff20325000 	/usr/lib/system/libsystem_kernel.dylib
0x00007fff2039b000 	/usr/lib/system/libsystem_platform.dylib
0x00007fff20354000 	/usr/lib/system/libsystem_pthread.dylib
0x00007fff262a1000 	/usr/lib/system/libsystem_symptoms.dylib
0x00007fff200c7000 	/usr/lib/system/libsystem_trace.dylib
0x00007fff2a51e000 	/usr/lib/system/libunwind.dylib
0x00007fff20091000 	/usr/lib/system/libxpc.dylib
0x00007fff2030c000 	/usr/lib/libc++abi.dylib
0x00007fff201f1000 	/usr/lib/libobjc.A.dylib
0x00007fff2a529000 	/usr/lib/liboah.dylib
0x00007fff202b6000 	/usr/lib/libc++.1.dylib
0x00007fff203d1000 	/System/Library/Frameworks/CoreFoundation.framework/Versions/A/CoreFoundation
0x00007fff2117e000 	/System/Library/Frameworks/Foundation.framework/Versions/C/Foundation
0x00007fff22c32000 	/System/Library/Frameworks/AppKit.framework/Versions/C/AppKit
0x00007fff25aca000 	/System/Library/Frameworks/CoreData.framework/Versions/A/CoreData
0x00007fff23995000 	/System/Library/PrivateFrameworks/UIFoundation.framework/Versions/A/UIFoundation
0x00007fff2fbc2000 	/System/Library/PrivateFrameworks/RemoteViewServices.framework/Versions/A/RemoteViewServices
0x00007fff289bb000 	/System/Library/PrivateFrameworks/XCTTargetBootstrap.framework/Versions/A/XCTTargetBootstrap
0x00007fff2b69c000 	/usr/lib/libspindump.dylib
0x00007fff23bea000 	/System/Library/Frameworks/UniformTypeIdentifiers.framework/Versions/A/UniformTypeIdentifiers
0x00007fff27191000 	/usr/lib/libapp_launch_measurement.dylib
0x00007fff27194000 	/System/Library/PrivateFrameworks/CoreAutoLayout.framework/Versions/A/CoreAutoLayout
0x00007fff2831d000 	/System/Library/Frameworks/Metal.framework/Versions/A/Metal
0x00007fff2900d000 	/usr/lib/liblangid.dylib
0x00007fff289bf000 	/System/Library/PrivateFrameworks/CoreSVG.framework/Versions/A/CoreSVG
0x00007fff24bd1000 	/System/Library/PrivateFrameworks/SkyLight.framework/Versions/A/SkyLight
0x00007fff24f38000 	/System/Library/Frameworks/CoreGraphics.framework/Versions/A/CoreGraphics
0x00007fff30219000 	/System/Library/Frameworks/Accelerate.framework/Versions/A/Accelerate
0x00007fff2b0d7000 	/System/Library/PrivateFrameworks/IconServices.framework/Versions/A/IconServices
0x00007fff28302000 	/System/Library/Frameworks/IOSurface.framework/Versions/A/IOSurface
0x00007fff26453000 	/usr/lib/libDiagnosticMessagesClient.dylib
0x00007fff289a7000 	/System/Library/PrivateFrameworks/DFRFoundation.framework/Versions/A/DFRFoundation
0x00007fff2255d000 	/usr/lib/libicucore.A.dylib
0x00007fff2cbe3000 	/System/Library/Frameworks/AudioToolbox.framework/Versions/A/AudioToolbox
0x00007fff2be88000 	/System/Library/PrivateFrameworks/DataDetectorsCore.framework/Versions/A/DataDetectorsCore
0x00007fff286a7000 	/System/Library/Frameworks/Carbon.framework/Versions/A/Frameworks/HIToolbox.framework/Versions/A/HIToolbox
0x00007fff26bec000 	/System/Library/Frameworks/QuartzCore.framework/Versions/A/QuartzCore
0x00007fff2fbfe000 	/System/Library/Frameworks/Carbon.framework/Versions/A/Frameworks/SpeechRecognition.framework/Versions/A/SpeechRecognition
0x00007fff26ef9000 	/System/Library/PrivateFrameworks/CoreUI.framework/Versions/A/CoreUI
0x00007fff21b66000 	/System/Library/Frameworks/CoreAudio.framework/Versions/A/CoreAudio
0x00007fff2653e000 	/System/Library/Frameworks/DiskArbitration.framework/Versions/A/DiskArbitration
0x00007fff2ba97000 	/System/Library/PrivateFrameworks/MultitouchSupport.framework/Versions/A/MultitouchSupport
0x00007fff2be7f000 	/System/Library/PrivateFrameworks/InternationalSupport.framework/Versions/A/InternationalSupport
0x00007fff24b45000 	/usr/lib/libenergytrace.dylib
0x00007fff22b2b000 	/System/Library/Frameworks/IOKit.framework/Versions/A/IOKit
0x00007fff2ff4b000 	/System/Library/Frameworks/CoreServices.framework/Versions/A/CoreServices
0x00007fff27127000 	/System/Library/PrivateFrameworks/PerformanceAnalysis.framework/Versions/A/PerformanceAnalysis
0x00007fff6c8b4000 	/System/Library/Frameworks/OpenGL.framework/Versions/A/OpenGL
0x00007fff2bf04000 	/System/Library/PrivateFrameworks/UserActivity.framework/Versions/A/UserActivity
0x00007fff255cc000 	/System/Library/Frameworks/ColorSync.framework/Versions/A/ColorSync
0x00007fff28c24000 	/System/Library/Frameworks/CoreImage.framework/Versions/A/CoreImage
0x00007fff2197d000 	/System/Library/Frameworks/CoreText.framework/Versions/A/CoreText
0x00007fff289e9000 	/System/Library/Frameworks/ImageIO.framework/Versions/A/ImageIO
0x00007fff2a562000 	/System/Library/PrivateFrameworks/SoftLinking.framework/Versions/A/SoftLinking
0x00007fff271dd000 	/usr/lib/libxml2.2.dylib
0x00007fff2a7d4000 	/usr/lib/libcompression.dylib
0x00007fff24b46000 	/usr/lib/libMobileGestalt.dylib
0x00007fff2bdb2000 	/System/Library/PrivateFrameworks/TextureIO.framework/Versions/A/TextureIO
0x00007fff2adfa000 	/usr/lib/libate.dylib
0x00007fff2abdf000 	/usr/lib/liblzma.5.dylib
0x00007fff20e92000 	/System/Library/Frameworks/SystemConfiguration.framework/Versions/A/SystemConfiguration
0x00007fff2a55e000 	/usr/lib/libfakelink.dylib
0x00007fff24698000 	/System/Library/Frameworks/CFNetwork.framework/Versions/A/CFNetwork
0x00007fff2a69e000 	/usr/lib/libarchive.2.dylib
0x00007fff20f10000 	/usr/lib/libCRFSuite.dylib
0x00007fff29d31000 	/usr/lib/libbsm.0.dylib
0x00007fff24054000 	/usr/lib/libnetwork.dylib
0x00007fff2a563000 	/usr/lib/libpcap.A.dylib
0x00007fff2629a000 	/usr/lib/libdns_services.dylib
0x00007fff2abf8000 	/usr/lib/libcoretls_cfhelpers.dylib
0x00007fff2a7a2000 	/usr/lib/libapple_nghttp2.dylib
0x00007fff2a4f6000 	/usr/lib/system/libkxld.dylib
0x00007fff25f00000 	/usr/lib/libsqlite3.dylib
0x00007fff2a26e000 	/System/Library/PrivateFrameworks/AppleFSCompression.framework/Versions/A/AppleFSCompression
0x00007fff29d19000 	/usr/lib/libcoretls.dylib
0x00007fff2a7cf000 	/usr/lib/libpam.2.dylib
0x00007fff2acf5000 	/usr/lib/libxar.1.dylib
0x00007fff29009000 	/System/Library/PrivateFrameworks/AppleSystemInfo.framework/Versions/A/AppleSystemInfo
0x00007fff2995c000 	/System/Library/PrivateFrameworks/IOMobileFramebuffer.framework/Versions/A/IOMobileFramebuffer
0x00007fff2a27e000 	/usr/lib/libbz2.1.0.dylib
0x00007fff2a59b000 	/usr/lib/libiconv.2.dylib
0x00007fff2a4ef000 	/usr/lib/libcharset.1.dylib
0x00007fff27163000 	/System/Library/Frameworks/CoreServices.framework/Versions/A/Frameworks/FSEvents.framework/Versions/A/FSEvents
0x00007fff227c9000 	/System/Library/Frameworks/CoreServices.framework/Versions/A/Frameworks/CarbonCore.framework/Versions/A/CarbonCore
0x00007fff264a3000 	/System/Library/Frameworks/CoreServices.framework/Versions/A/Frameworks/Metadata.framework/Versions/A/Metadata
0x00007fff2a291000 	/System/Library/Frameworks/CoreServices.framework/Versions/A/Frameworks/OSServices.framework/Versions/A/OSServices
0x00007fff2a710000 	/System/Library/Frameworks/CoreServices.framework/Versions/A/Frameworks/SearchKit.framework/Versions/A/SearchKit
0x00007fff26224000 	/System/Library/Frameworks/CoreServices.framework/Versions/A/Frameworks/AE.framework/Versions/A/AE
0x00007fff2086d000 	/System/Library/Frameworks/CoreServices.framework/Versions/A/Frameworks/LaunchServices.framework/Versions/A/LaunchServices
0x00007fff2ab90000 	/System/Library/Frameworks/CoreServices.framework/Versions/A/Frameworks/DictionaryServices.framework/Versions/A/DictionaryServices
0x00007fff2716c000 	/System/Library/Frameworks/CoreServices.framework/Versions/A/Frameworks/SharedFileList.framework/Versions/A/SharedFileList
0x00007fff29d0d000 	/usr/lib/libCheckFix.dylib
0x00007fff24bb9000 	/System/Library/PrivateFrameworks/TCC.framework/Versions/A/TCC
0x00007fff2900f000 	/System/Library/PrivateFrameworks/CoreNLP.framework/Versions/A/CoreNLP
0x00007fff26456000 	/System/Library/PrivateFrameworks/MetadataUtilities.framework/Versions/A/MetadataUtilities
0x00007fff20f46000 	/usr/lib/libmecabra.dylib
0x00007fff2a020000 	/System/Library/Frameworks/MLCompute.framework/Versions/A/MLCompute
0x00007fff29d42000 	/usr/lib/libmecab.dylib
0x00007fff29d8c000 	/usr/lib/libgermantok.dylib
0x00007fff2a778000 	/usr/lib/libThaiTokenizer.dylib
0x00007fff2ad30000 	/usr/lib/libChineseTokenizer.dylib
0x00007fff2a7cd000 	/System/Library/Frameworks/MetalPerformanceShaders.framework/Versions/A/MetalPerformanceShaders
0x00007fff26545000 	/System/Library/Frameworks/Accelerate.framework/Versions/A/Frameworks/vImage.framework/Versions/A/vImage
0x00007fff2ff24000 	/System/Library/Frameworks/Accelerate.framework/Versions/A/Frameworks/vecLib.framework/Versions/A/vecLib
0x00007fff2ad3b000 	/System/Library/Frameworks/Accelerate.framework/Versions/A/Frameworks/vecLib.framework/Versions/A/libvMisc.dylib
0x00007fff29775000 	/System/Library/Frameworks/Accelerate.framework/Versions/A/Frameworks/vecLib.framework/Versions/A/libvDSP.dylib
0x00007fff20b71000 	/System/Library/Frameworks/Accelerate.framework/Versions/A/Frameworks/vecLib.framework/Versions/A/libBLAS.dylib
0x00007fff2a7f3000 	/System/Library/Frameworks/Accelerate.framework/Versions/A/Frameworks/vecLib.framework/Versions/A/libLAPACK.dylib
0x00007fff29d92000 	/System/Library/Frameworks/Accelerate.framework/Versions/A/Frameworks/vecLib.framework/Versions/A/libLinearAlgebra.dylib
0x00007fff2a7ba000 	/System/Library/Frameworks/Accelerate.framework/Versions/A/Frameworks/vecLib.framework/Versions/A/libSparseBLAS.dylib
0x00007fff2a7ed000 	/System/Library/Frameworks/Accelerate.framework/Versions/A/Frameworks/vecLib.framework/Versions/A/libQuadrature.dylib
0x00007fff290b7000 	/System/Library/Frameworks/Accelerate.framework/Versions/A/Frameworks/vecLib.framework/Versions/A/libBNNS.dylib
0x00007fff20e23000 	/System/Library/Frameworks/Accelerate.framework/Versions/A/Frameworks/vecLib.framework/Versions/A/libSparse.dylib
0x00007fff28fa2000 	/System/Library/Frameworks/MetalPerformanceShaders.framework/Versions/A/Frameworks/MPSCore.framework/Versions/A/MPSCore
0x00007fff2a1dd000 	/System/Library/Frameworks/MetalPerformanceShaders.framework/Versions/A/Frameworks/MPSImage.framework/Versions/A/MPSImage
0x00007fff29da8000 	/System/Library/Frameworks/MetalPerformanceShaders.framework/Versions/A/Frameworks/MPSNeuralNetwork.framework/Versions/A/MPSNeuralNetwork
0x00007fff2a168000 	/System/Library/Frameworks/MetalPerformanceShaders.framework/Versions/A/Frameworks/MPSMatrix.framework/Versions/A/MPSMatrix
0x00007fff29fd0000 	/System/Library/Frameworks/MetalPerformanceShaders.framework/Versions/A/Frameworks/MPSRayIntersector.framework/Versions/A/MPSRayIntersector
0x00007fff2a19f000 	/System/Library/Frameworks/MetalPerformanceShaders.framework/Versions/A/Frameworks/MPSNDArray.framework/Versions/A/MPSNDArray
0x00007fff20a9d000 	/System/Library/PrivateFrameworks/MetalTools.framework/Versions/A/MetalTools
0x00007fff29007000 	/System/Library/PrivateFrameworks/AggregateDictionary.framework/Versions/A/AggregateDictionary
0x00007fff2642e000 	/System/Library/PrivateFrameworks/CoreAnalytics.framework/Versions/A/CoreAnalytics
0x00007fff2a77a000 	/System/Library/PrivateFrameworks/AppleSauce.framework/Versions/A/AppleSauce
0x00007fff28314000 	/System/Library/PrivateFrameworks/IOAccelerator.framework/Versions/A/IOAccelerator
0x00007fff6c8a8000 	/System/Library/Frameworks/OpenGL.framework/Versions/A/Libraries/libCoreFSCache.dylib
0x00007fff214e2000 	/System/Library/PrivateFrameworks/LanguageModeling.framework/Versions/A/LanguageModeling
0x00007fff29949000 	/System/Library/PrivateFrameworks/CoreEmoji.framework/Versions/A/CoreEmoji
0x00007fff290b0000 	/System/Library/PrivateFrameworks/LinguisticData.framework/Versions/A/LinguisticData
0x00007fff20dd5000 	/System/Library/PrivateFrameworks/Lexicon.framework/Versions/A/Lexicon
0x00007fff2a68c000 	/usr/lib/libcmph.dylib
0x00007fff27143000 	/System/Library/Frameworks/OpenDirectory.framework/Versions/A/Frameworks/CFOpenDirectory.framework/Versions/A/CFOpenDirectory
0x00007fff27133000 	/System/Library/Frameworks/OpenDirectory.framework/Versions/A/OpenDirectory
0x00007fff2abfa000 	/System/Library/PrivateFrameworks/APFS.framework/Versions/A/APFS
0x00007fff29c6e000 	/System/Library/Frameworks/SecurityFoundation.framework/Versions/A/SecurityFoundation
0x00007fff2ad03000 	/usr/lib/libutil.dylib
0x00007fff22af0000 	/System/Library/PrivateFrameworks/CoreServicesStore.framework/Versions/A/CoreServicesStore
0x00007fff29d05000 	/System/Library/Frameworks/ServiceManagement.framework/Versions/A/ServiceManagement
0x00007fff2ad07000 	/usr/lib/libxslt.1.dylib
0x00007fff29cfb000 	/System/Library/PrivateFrameworks/BackgroundTaskManagement.framework/Versions/A/BackgroundTaskManagement
0x00007fff2bcfc000 	/System/Library/Frameworks/ImageIO.framework/Versions/A/Resources/libRadiance.dylib
0x00007fff2bd06000 	/System/Library/Frameworks/ImageIO.framework/Versions/A/Resources/libJPEG.dylib
0x00007fff2bc51000 	/System/Library/Frameworks/ImageIO.framework/Versions/A/Resources/libPng.dylib
0x00007fff2bc78000 	/System/Library/Frameworks/ImageIO.framework/Versions/A/Resources/libTIFF.dylib
0x00007fff2bd5b000 	/System/Library/Frameworks/ImageIO.framework/Versions/A/Resources/libGIF.dylib
0x00007fff2b9b4000 	/System/Library/Frameworks/ImageIO.framework/Versions/A/Resources/libJP2.dylib
0x00007fff2b09e000 	/usr/lib/libexpat.1.dylib
0x00007fff2b969000 	/System/Library/PrivateFrameworks/AppleJPEG.framework/Versions/A/AppleJPEG
0x00007fff2854a000 	/System/Library/PrivateFrameworks/FontServices.framework/libFontParser.dylib
0x00007fff261d8000 	/System/Library/PrivateFrameworks/RunningBoardServices.framework/Versions/A/RunningBoardServices
0x00007fff2ba93000 	/System/Library/PrivateFrameworks/WatchdogClient.framework/Versions/A/WatchdogClient
0x00007fff215cf000 	/System/Library/Frameworks/CoreDisplay.framework/Versions/A/CoreDisplay
0x00007fff28460000 	/System/Library/Frameworks/CoreMedia.framework/Versions/A/CoreMedia
0x00007fff272c0000 	/System/Library/Frameworks/CoreVideo.framework/Versions/A/CoreVideo
0x00007fff2bacb000 	/System/Library/Frameworks/VideoToolbox.framework/Versions/A/VideoToolbox
0x00007fff26156000 	/System/Library/PrivateFrameworks/BaseBoard.framework/Versions/A/BaseBoard
0x00007fff2b1e3000 	/System/Library/PrivateFrameworks/PersistentConnection.framework/Versions/A/PersistentConnection
0x00007fff25ee9000 	/System/Library/PrivateFrameworks/ProtocolBuffer.framework/Versions/A/ProtocolBuffer
0x00007fff2613d000 	/System/Library/PrivateFrameworks/CommonUtilities.framework/Versions/A/CommonUtilities
0x00007fff2b8fe000 	/System/Library/PrivateFrameworks/Bom.framework/Versions/A/Bom
0x00007fff2bcf5000 	/System/Library/PrivateFrameworks/GPUWrangler.framework/Versions/A/GPUWrangler
0x00007fff2bcd8000 	/System/Library/PrivateFrameworks/IOPresentment.framework/Versions/A/IOPresentment
0x00007fff2bd00000 	/System/Library/PrivateFrameworks/DSExternalDisplay.framework/Versions/A/DSExternalDisplay
0x00007fff2bd60000 	/System/Library/PrivateFrameworks/CMCaptureCore.framework/Versions/A/CMCaptureCore
0x00007fff2b683000 	/System/Library/PrivateFrameworks/AppServerSupport.framework/Versions/A/AppServerSupport
0x00007fff2d734000 	/System/Library/PrivateFrameworks/perfdata.framework/Versions/A/perfdata
0x00007fff29c5d000 	/System/Library/PrivateFrameworks/AssertionServices.framework/Versions/A/AssertionServices
0x00007fff21706000 	/System/Library/PrivateFrameworks/AudioToolboxCore.framework/Versions/A/AudioToolboxCore
0x00007fff28443000 	/System/Library/PrivateFrameworks/caulk.framework/Versions/A/caulk
0x00007fff3d3df000 	/System/Library/PrivateFrameworks/SystemPolicy.framework/Versions/A/SystemPolicy
0x00007fff2ae93000 	/usr/lib/libIOReport.dylib
0x00007fff2cf56000 	/usr/lib/libSMC.dylib
0x00007fff2bc1e000 	/usr/lib/libAudioToolboxUtility.dylib
0x00007fff3dd49000 	/usr/lib/libmis.dylib
0x00007fff6c904000 	/System/Library/Frameworks/OpenGL.framework/Versions/A/Libraries/libGLU.dylib
0x00007fff6c8c7000 	/System/Library/Frameworks/OpenGL.framework/Versions/A/Libraries/libGFXShared.dylib
0x00007fff6cad6000 	/System/Library/Frameworks/OpenGL.framework/Versions/A/Libraries/libGL.dylib
0x00007fff6c8d0000 	/System/Library/Frameworks/OpenGL.framework/Versions/A/Libraries/libGLImage.dylib
0x00007fff6c8c4000 	/System/Library/Frameworks/OpenGL.framework/Versions/A/Libraries/libCVMSPluginSupport.dylib
0x00007fff6c8af000 	/System/Library/Frameworks/OpenGL.framework/Versions/A/Libraries/libCoreVMClient.dylib
0x00007fff6df17000 	/System/Library/Frameworks/OpenCL.framework/Versions/A/OpenCL
0x00007fff2b20d000 	/System/Library/PrivateFrameworks/GraphVisualizer.framework/Versions/A/GraphVisualizer
0x00007fff2b21c000 	/System/Library/PrivateFrameworks/FaceCore.framework/Versions/A/FaceCore
0x00007fff2b638000 	/System/Library/PrivateFrameworks/OTSVG.framework/Versions/A/OTSVG
0x00007fff26eb7000 	/System/Library/Frameworks/ApplicationServices.framework/Versions/A/Frameworks/ATS.framework/Versions/A/Resources/libFontRegistry.dylib
0x00007fff2b68a000 	/System/Library/PrivateFrameworks/FontServices.framework/libhvf.dylib
0x00007fff2b04a000 	/System/Library/PrivateFrameworks/AppleVA.framework/Versions/A/AppleVA
0x00007fff2cd9f000 	/System/Library/Frameworks/ApplicationServices.framework/Versions/A/Frameworks/ATS.framework/Versions/A/ATS
0x00007fff2d0b1000 	/System/Library/Frameworks/ApplicationServices.framework/Versions/A/Frameworks/ColorSyncLegacy.framework/Versions/A/ColorSyncLegacy
0x00007fff256c3000 	/System/Library/Frameworks/ApplicationServices.framework/Versions/A/Frameworks/HIServices.framework/Versions/A/HIServices
0x00007fff2d096000 	/System/Library/Frameworks/ApplicationServices.framework/Versions/A/Frameworks/LangAnalysis.framework/Versions/A/LangAnalysis
0x00007fff2bd6a000 	/System/Library/Frameworks/ApplicationServices.framework/Versions/A/Frameworks/PrintCore.framework/Versions/A/PrintCore
0x00007fff2d0b9000 	/System/Library/Frameworks/ApplicationServices.framework/Versions/A/Frameworks/QD.framework/Versions/A/QD
0x00007fff2cd8f000 	/System/Library/Frameworks/ApplicationServices.framework/Versions/A/Frameworks/SpeechSynthesis.framework/Versions/A/SpeechSynthesis
0x00007fff2bd2b000 	/System/Library/Frameworks/ApplicationServices.framework/Versions/A/Frameworks/ATSUI.framework/Versions/A/ATSUI
0x00007fff2d036000 	/usr/lib/libcups.2.dylib
0x00007fff2d0a6000 	/System/Library/PrivateFrameworks/NetAuth.framework/Versions/A/NetAuth
0x00007fff2d750000 	/System/Library/Frameworks/Kerberos.framework/Versions/A/Kerberos
0x00007fff2d760000 	/System/Library/Frameworks/GSS.framework/Versions/A/GSS
0x00007fff2ce0b000 	/usr/lib/libresolv.9.dylib
0x00007fff2b69f000 	/System/Library/PrivateFrameworks/Heimdal.framework/Versions/A/Heimdal
0x00007fff334e4000 	/System/Library/Frameworks/Kerberos.framework/Versions/A/Libraries/libHeimdalProxy.dylib
0x00007fff262a9000 	/System/Library/Frameworks/Network.framework/Versions/A/Network
0x00007fff2b0b8000 	/usr/lib/libheimdal-asn1.dylib
0x00007fff2d7b0000 	/System/Library/PrivateFrameworks/CommonAuth.framework/Versions/A/CommonAuth
0x00007fff2730d000 	/System/Library/PrivateFrameworks/login.framework/Versions/A/Frameworks/loginsupport.framework/Versions/A/loginsupport
0x00007fff2cd14000 	/System/Library/PrivateFrameworks/AudioSession.framework/Versions/A/AudioSession
0x00007fff2cd7c000 	/usr/lib/libAudioStatistics.dylib
0x00007fff2b145000 	/System/Library/PrivateFrameworks/MediaExperience.framework/Versions/A/MediaExperience
0x00007fff2cbb1000 	/System/Library/PrivateFrameworks/AudioSession.framework/libSessionUtility.dylib
0x00007fff2d741000 	/usr/lib/libperfcheck.dylib
0x00007fff2d0c5000 	/System/Library/PrivateFrameworks/AudioResourceArbitration.framework/Versions/A/AudioResourceArbitration
0x00007fff2b0c2000 	/System/Library/PrivateFrameworks/IconFoundation.framework/Versions/A/IconFoundation
0x00007fff2fbee000 	/System/Library/PrivateFrameworks/SpeechRecognitionCore.framework/Versions/A/SpeechRecognitionCore
0x00000001021a1000 	/Library/Java/JavaVirtualMachines/jdk-16.0.1.jdk/Contents/Home/lib/server/libjvm.dylib
0x0000000103214000 	/Library/Java/JavaVirtualMachines/jdk-16.0.1.jdk/Contents/Home/lib/libjimage.dylib
0x0000000103222000 	/Library/Java/JavaVirtualMachines/jdk-16.0.1.jdk/Contents/Home/lib/libjdwp.dylib
0x0000000103264000 	/Library/Java/JavaVirtualMachines/jdk-16.0.1.jdk/Contents/Home/lib/libjava.dylib
0x000000010418e000 	/Library/Java/JavaVirtualMachines/jdk-16.0.1.jdk/Contents/Home/lib/libdt_socket.dylib
0x000000010419a000 	/Library/Java/JavaVirtualMachines/jdk-16.0.1.jdk/Contents/Home/lib/libnio.dylib
0x00000001041ae000 	/Library/Java/JavaVirtualMachines/jdk-16.0.1.jdk/Contents/Home/lib/libnet.dylib
0x00000001041c8000 	/Library/Java/JavaVirtualMachines/jdk-16.0.1.jdk/Contents/Home/lib/libzip.dylib
0x00000001041d6000 	/Library/Java/JavaVirtualMachines/jdk-16.0.1.jdk/Contents/Home/lib/libextnet.dylib
0x00000001041dd000 	/Library/Java/JavaVirtualMachines/jdk-16.0.1.jdk/Contents/Home/lib/libverify.dylib


VM Arguments:
jvm_args: -XX:+ShowCodeDetailsInExceptionMessages -agentlib:jdwp=transport=dt_socket,suspend=y,address=localhost:54860 -ea -Dfile.encoding=UTF-8 
java_command: org.testng.remote.RemoteTestNG -serport 54859 -protocol json -d /Users/smartpoint/Testing/Automation_testing/Appium/iosdemo/test-output /var/folders/6l/_nm1zfsd175fmknjcv623k6w0000gn/T/testng-eclipse--1623629947/testng-customsuite.xml
java_class_path (initial): /Users/smartpoint/eclipse/java-2021-0653/Eclipse.app/Contents/Eclipse/configuration/org.eclipse.osgi/432/0/.cp/lib/testng-remote.jar:/Users/smartpoint/Testing/Automation_testing/Appium/iosdemo/target/test-classes:/Users/smartpoint/Testing/Automation_testing/Appium/iosdemo/target/classes:/Users/smartpoint/.p2/pool/plugins/org.testng_7.4.0.r202105021533.jar:/Users/smartpoint/.p2/pool/plugins/com.beust.jcommander_1.78.0.jar:/Users/smartpoint/.p2/pool/plugins/org.apache-extras.beanshell.bsh_2.0.0.b6.jar:/Users/smartpoint/.p2/pool/plugins/org.yaml.snakeyaml_1.21.0.jar:/Users/smartpoint/.p2/pool/plugins/org.webjars.jquery_3.5.1.jar:/Users/smartpoint/.p2/pool/plugins/org.junit_4.13.0.v20200204-1500.jar:/Users/smartpoint/.p2/pool/plugins/org.hamcrest.core_1.3.0.v20180420-1519.jar:/Users/smartpoint/.m2/repository/io/appium/java-client/7.0.0/java-client-7.0.0.jar:/Users/smartpoint/.m2/repository/org/seleniumhq/selenium/selenium-support/3.141.59/selenium-support-3.141.59.jar:/Users/smartpoint/.m2/repository/org/seleniumhq/selenium/selenium-api/3.141.59/selenium-api-3.141.59.jar:/Users/smartpoint/.m2/repository/com/google/code/gson/gson/2.8.5/gson-2.8.5.jar:/Users/smartpoint/.m2/repository/org/apache/httpcomponents/httpclient/4.5.6/httpclient-4.5.6.jar:/Users/smartpoint/.m2/repository/org/apache/httpcomponents/httpcore/4.4.10/httpcore-4.4.10.jar:/Users/smartpoint/.m2/repository/commons-logging/commons-logging/1.2/commons-logging-1.2.jar:/Users/smartpoint/.m2/repository/cglib/cglib/3.2.8/cglib-3.2.8.jar:/Users/smartpoint/.m2/repository/org/ow2/asm/asm/6.2.1/asm-6.2.1.jar:/Users/smartpoint/.m2/repository/org/apache/ant/ant/1.10.3/ant-1.10.3.jar:/Users/smartpoint/.m2/repository/org/apache/ant/ant-launcher/1.10.3/ant-launcher-1.10.3.jar:/Users/smartpoint/.m2/repository/commons-validator/commons-validator/1.6/commons-validator-1.6.jar:/Users/smartpoint/.m2/repository/commons-beanutils/commons-beanutils/1.9.2/commons-beanutils-1.9.2.jar:/Users/smartpoint/
Launcher Type: SUN_STANDARD

[Global flags]
     intx CICompilerCount                          = 12                                        {product} {ergonomic}
     uint ConcGCThreads                            = 3                                         {product} {ergonomic}
     uint G1ConcRefinementThreads                  = 13                                        {product} {ergonomic}
   size_t G1HeapRegionSize                         = 1048576                                   {product} {ergonomic}
    uintx GCDrainStackTargetSize                   = 64                                        {product} {ergonomic}
   size_t InitialHeapSize                          = 134217728                                 {product} {ergonomic}
   size_t MarkStackSize                            = 4194304                                   {product} {ergonomic}
   size_t MaxHeapSize                              = 2147483648                                {product} {ergonomic}
   size_t MaxNewSize                               = 1287651328                                {product} {ergonomic}
   size_t MinHeapDeltaBytes                        = 1048576                                   {product} {ergonomic}
   size_t MinHeapSize                              = 8388608                                   {product} {ergonomic}
    uintx NonNMethodCodeHeapSize                   = 7602480                                {pd product} {ergonomic}
    uintx NonProfiledCodeHeapSize                  = 122027880                              {pd product} {ergonomic}
    uintx ProfiledCodeHeapSize                     = 122027880                              {pd product} {ergonomic}
    uintx ReservedCodeCacheSize                    = 251658240                              {pd product} {ergonomic}
     bool SegmentedCodeCache                       = true                                      {product} {ergonomic}
     bool ShowCodeDetailsInExceptionMessages       = true                                   {manageable} {command line}
   size_t SoftMaxHeapSize                          = 2147483648                             {manageable} {ergonomic}
     bool UseCompressedClassPointers               = true                           {product lp64_product} {ergonomic}
     bool UseCompressedOops                        = true                           {product lp64_product} {ergonomic}
     bool UseG1GC                                  = true                                      {product} {ergonomic}
     bool UseNUMA                                  = false                                     {product} {ergonomic}
     bool UseNUMAInterleaving                      = false                                     {product} {ergonomic}

Logging:
Log output configuration:
 #0: stdout all=warning uptime,level,tags
 #1: stderr all=off uptime,level,tags

Environment Variables:
PATH=/usr/bin:/bin:/usr/sbin:/sbin
SHELL=/bin/zsh

Signal Handlers:
SIGSEGV: [libjvm.dylib+0xa7bdc0], sa_mask[0]=11100110000111110111111111111111, sa_flags=SA_ONSTACK|SA_RESTART|SA_SIGINFO
SIGBUS: [libjvm.dylib+0xa7bdc0], sa_mask[0]=11100110000111110111111111111111, sa_flags=SA_RESTART|SA_SIGINFO
SIGFPE: [libjvm.dylib+0xa7bdc0], sa_mask[0]=11100110000111110111111111111111, sa_flags=SA_RESTART|SA_SIGINFO
SIGPIPE: [libjvm.dylib+0x945ca0], sa_mask[0]=11100110000111110111111111111111, sa_flags=SA_RESTART|SA_SIGINFO
SIGXFSZ: [libjvm.dylib+0x945ca0], sa_mask[0]=11100110000111110111111111111111, sa_flags=SA_RESTART|SA_SIGINFO
SIGILL: [libjvm.dylib+0xa7bdc0], sa_mask[0]=11100110000111110111111111111111, sa_flags=SA_RESTART|SA_SIGINFO
SIGUSR2: [libjvm.dylib+0x946750], sa_mask[0]=00100000000000000000000000000000, sa_flags=SA_RESTART|SA_SIGINFO
SIGHUP: [libjvm.dylib+0x944d10], sa_mask[0]=11100110000111110111111111111111, sa_flags=SA_RESTART|SA_SIGINFO
SIGINT: [libjvm.dylib+0x944d10], sa_mask[0]=11100110000111110111111111111111, sa_flags=SA_RESTART|SA_SIGINFO
SIGTERM: [libjvm.dylib+0x944d10], sa_mask[0]=11100110000111110111111111111111, sa_flags=SA_RESTART|SA_SIGINFO
SIGQUIT: [libjvm.dylib+0x944d10], sa_mask[0]=11100110000111110111111111111111, sa_flags=SA_RESTART|SA_SIGINFO
SIGTRAP: [libjvm.dylib+0xa7bdc0], sa_mask[0]=11100110000111110111111111111111, sa_flags=SA_RESTART|SA_SIGINFO


---------------  S Y S T E M  ---------------

OS:uname: Darwin 20.3.0 Darwin Kernel Version 20.3.0: Thu Jan 21 00:07:06 PST 2021; root:xnu-7195.81.3~1/RELEASE_X86_64 x86_64
OS uptime: 0 days 3:14 hours
rlimit (soft/hard): STACK 8192k/65532k , CORE 0k/infinity , NPROC 1392/2088 , NOFILE 10240/infinity , AS infinity/infinity , CPU infinity/infinity , DATA infinity/infinity , FSIZE infinity/infinity , MEMLOCK infinity/infinity , RSS infinity/infinity
load average: 3.63 4.54 4.33

CPU: total 16 (initial active 16) (8 cores per cpu, 2 threads per core) family 6 model 165 stepping 5 microcode 0xe0, cx8, cmov, fxsr, ht, mmx, 3dnowpref, sse, sse2, sse3, ssse3, sse4.1, sse4.2, popcnt, lzcnt, tsc, tscinvbit, avx, avx2, aes, erms, clmul, bmi1, bmi2, adx, fma, vzeroupper, clflush, clflushopt

Memory: 4k page, physical 8388608k(134920k free), swap 4194304k(1304576k free)

vm_info: Java HotSpot(TM) 64-Bit Server VM (16.0.1+9-24) for bsd-amd64 JRE (16.0.1+9-24), built on Mar 26 2021 18:20:04 by "mach5one" with clang 4.2.1 Compatible Apple LLVM 11.0.0 (clang-1100.0.33.17)

END.
